<?xml version="1.0" encoding="UTF-8"?>
<!-- Generated by org.testng.reporters.JUnitXMLReporter -->
<testsuite ignored="5" hostname="DESKTOP-K2JHRK3" failures="1" tests="1" name="Personal Info Test" time="39.109" errors="0" timestamp="2023-05-24T14:52:41 IST">
  <testcase classname="com.onpier.wgv.tests.PersonalInformationTests" name="validatePersonalInfoPageContent" time="30.484">
    <failure type="org.openqa.selenium.TimeoutException" message="Expected condition failed: waiting for visibility of element located by By.xpath: //*[text()=&amp;apos;Flex-PrÃ¤mie&amp;apos;]/ancestor::*[@class=&amp;apos;mat-mdc-card-content&amp;apos;]//button (tried for 30 second(s) with 500 milliseconds interval)
Build info: version: &amp;apos;4.8.2&amp;apos;, revision: &amp;apos;826dbfc730&amp;apos;
System info: os.name: &amp;apos;Windows 11&amp;apos;, os.arch: &amp;apos;amd64&amp;apos;, os.version: &amp;apos;10.0&amp;apos;, java.version: &amp;apos;17.0.7&amp;apos;
Driver info: org.openqa.selenium.chrome.ChromeDriver
Capabilities {acceptInsecureCerts: false, browserName: chrome, browserVersion: 113.0.5672.127, chrome: {chromedriverVersion: 113.0.5672.63 (0e1a4471d5ae..., userDataDir: C:\Users\91798\AppData\Loca...}, goog:chromeOptions: {debuggerAddress: localhost:55972}, networkConnectionEnabled: false, pageLoadStrategy: normal, platformName: WINDOWS, proxy: Proxy(), se:cdp: ws://localhost:55972/devtoo..., se:cdpVersion: 113.0.5672.127, setWindowRect: true, strictFileInteractability: false, timeouts: {implicit: 0, pageLoad: 300000, script: 30000}, unhandledPromptBehavior: dismiss and notify, webauthn:extension:credBlob: true, webauthn:extension:largeBlob: true, webauthn:extension:minPinLength: true, webauthn:extension:prf: true, webauthn:virtualAuthenticators: true}
Session ID: 1a3de2c12f93c63c281832854ad1e43c">
      <![CDATA[org.openqa.selenium.TimeoutException: Expected condition failed: waiting for visibility of element located by By.xpath: //*[text()='Flex-PrÃ¤mie']/ancestor::*[@class='mat-mdc-card-content']//button (tried for 30 second(s) with 500 milliseconds interval)
Build info: version: '4.8.2', revision: '826dbfc730'
System info: os.name: 'Windows 11', os.arch: 'amd64', os.version: '10.0', java.version: '17.0.7'
Driver info: org.openqa.selenium.chrome.ChromeDriver
Capabilities {acceptInsecureCerts: false, browserName: chrome, browserVersion: 113.0.5672.127, chrome: {chromedriverVersion: 113.0.5672.63 (0e1a4471d5ae..., userDataDir: C:\Users\91798\AppData\Loca...}, goog:chromeOptions: {debuggerAddress: localhost:55972}, networkConnectionEnabled: false, pageLoadStrategy: normal, platformName: WINDOWS, proxy: Proxy(), se:cdp: ws://localhost:55972/devtoo..., se:cdpVersion: 113.0.5672.127, setWindowRect: true, strictFileInteractability: false, timeouts: {implicit: 0, pageLoad: 300000, script: 30000}, unhandledPromptBehavior: dismiss and notify, webauthn:extension:credBlob: true, webauthn:extension:largeBlob: true, webauthn:extension:minPinLength: true, webauthn:extension:prf: true, webauthn:virtualAuthenticators: true}
Session ID: 1a3de2c12f93c63c281832854ad1e43c
at org.openqa.selenium.support.ui.WebDriverWait.timeoutException(WebDriverWait.java:87)
at org.openqa.selenium.support.ui.FluentWait.until(FluentWait.java:231)
at com.onpier.wgv.pages.BasePage.explictWait(BasePage.java:51)
at com.onpier.wgv.pages.BasePage.click(BasePage.java:18)
at com.onpier.wgv.pages.LandingPage.selectPremiumModelOption(LandingPage.java:16)
at com.onpier.wgv.tests.PersonalInformationTests.configVehicleRegistrationDetails(PersonalInformationTests.java:261)
at com.onpier.wgv.tests.PersonalInformationTests.validatePersonalInfoPageContent(PersonalInformationTests.java:37)
at java.base/java.util.ArrayList.forEach(ArrayList.java:1511)
... Removed 31 stack frames]]>
    </failure>
  </testcase> <!-- validatePersonalInfoPageContent -->
  <testcase classname="com.onpier.wgv.tests.PersonalInformationTests" name="validatePersonalInfoPrivatePersonFields" time="0.0">
    <ignored/>
  </testcase> <!-- validatePersonalInfoPrivatePersonFields -->
  <testcase classname="com.onpier.wgv.tests.PersonalInformationTests" name="validatePersonalInfoFieldValidations" time="0.0">
    <ignored/>
  </testcase> <!-- validatePersonalInfoFieldValidations -->
  <testcase classname="com.onpier.wgv.tests.PersonalInformationTests" name="validatePersonalInfoCompanyFields" time="0.0">
    <ignored/>
  </testcase> <!-- validatePersonalInfoCompanyFields -->
  <testcase classname="com.onpier.wgv.tests.PersonalInformationTests" name="validatePersonalInfoPrivatePersonSubmit" time="0.0">
    <ignored/>
  </testcase> <!-- validatePersonalInfoPrivatePersonSubmit -->
  <testcase classname="com.onpier.wgv.tests.PersonalInformationTests" name="validatePersonalInfoCompanySubmit" time="0.0">
    <ignored/>
  </testcase> <!-- validatePersonalInfoCompanySubmit -->
</testsuite> <!-- Personal Info Test -->
